Router1#show bridge                                                             
                                                                                
Total of 300 station blocks, 298 free                                           
Codes: P - permanent, S - self                                                  
                                                                                
Bridge Group 1:                                                                 
                                                                                
    Address       Action   Interface       Age   RX count   TX count            
6805.ca36.33a0   forward   FastEthernet0/0   0          2          2            
6805.ca36.31f0   forward   Vlan1             0          2          1            
Router1#show bridge                                                             
                                                                                
Total of 300 station blocks, 298 free                                           
Codes: P - permanent, S - self                                                  
                                                                                
Bridge Group 1:                                                                 
                                                                                
    Address       Action   Interface       Age   RX count   TX count            
6805.ca36.33a0   forward   FastEthernet0/0   0          4          4            
6805.ca36.31f0   forward   Vlan1             0          4          3            
Router1#show bridge                                                             
                                                                                
Total of 300 station blocks, 298 free                                           
Codes: P - permanent, S - self                                                  
                                                                                
Bridge Group 1:                                                                 
                                                                                
    Address       Action   Interface       Age   RX count   TX count            
6805.ca36.33a0   forward   FastEthernet0/0   0          4          4            
6805.ca36.31f0   forward   Vlan1             0          5          3            
Router1#show bridge                                                             
                                                                                
Total of 300 station blocks, 298 free                                           
Codes: P - permanent, S - self                                                  
                                                                                
Bridge Group 1:                                                                 
                                                                                
    Address       Action   Interface       Age   RX count   TX count            
6805.ca36.33a0   forward   FastEthernet0/0   0          4          4            
6805.ca36.31f0   forward   Vlan1             0          6          3            
Router1#
