Router2#show bridge     

Total of 300 station blocks, 298 free
Codes: P - permanent, S - self

Bridge Group 1:

    Address       Action   Interface       Age   RX count   TX count
6805.ca36.33a0   forward   FastEthernet0/0   0          1          0
6805.ca36.31f0   forward   FastEthernet0/0   0          0          0


Router2#show bridge 

Total of 300 station blocks, 298 free
Codes: P - permanent, S - self

Bridge Group 1:

    Address       Action   Interface       Age   RX count   TX count
6805.ca36.33a0   forward   FastEthernet0/0   0          1          0
6805.ca36.31f0   forward   FastEthernet0/0   0          0          0


Router2#show bridge 

Total of 300 station blocks, 297 free
Codes: P - permanent, S - self

Bridge Group 1:

    Address       Action   Interface       Age   RX count   TX count
6805.ca36.33a0   forward   FastEthernet0/0   0          1          0
6805.ca36.31f0   forward   FastEthernet0/0   0          2          2
6805.ca39.e12f   forward   Vlan1             0          2          1


Router2#show bridge 

Total of 300 station blocks, 296 free
Codes: P - permanent, S - self

Bridge Group 1:

    Address       Action   Interface       Age   RX count   TX count
6805.ca36.33a0   forward   FastEthernet0/0   0          1          0
6805.ca36.31f0   forward   FastEthernet0/0   0          5          5
6805.ca39.e12f   forward   Vlan1             0          3          2
6805.ca36.39c7   forward   Vlan1             0          2          1
