Router3#show bridge                                                             
                                                                                
Total of 300 station blocks, 299 free                                           
Codes: P - permanent, S - self                                                  
                                                                                
Bridge Group 1:                                                                 
                                                                                
    Address       Action   Interface       Age   RX count   TX count            
6805.ca36.33a0   forward   FastEthernet0/0   0          1          0            
Router3#show bridge                                                             
                                                                                
Total of 300 station blocks, 299 free                                           
Codes: P - permanent, S - self                                                  
                                                                                
Bridge Group 1:                                                                 
                                                                                
    Address       Action   Interface       Age   RX count   TX count            
6805.ca36.33a0   forward   FastEthernet0/0   0          1          0            
Router3#show bridge                                                             
                                                                                
Total of 300 station blocks, 297 free                                           
Codes: P - permanent, S - self                                                  
                                                                                
Bridge Group 1:                                                                 
                                                                                
    Address       Action   Interface       Age   RX count   TX count            
6805.ca36.33a0   forward   FastEthernet0/0   0          1          0            
6805.ca36.31f0   forward   FastEthernet0/0   0          3          3            
6805.ca39.e12f   forward   Vlan1             0          3          2            
Router3#show bridge                                                             
                                                                                
Total of 300 station blocks, 296 free                                           
Codes: P - permanent, S - self                                                  
                                                                                
Bridge Group 1:                                                                 
                                                                                
    Address       Action   Interface       Age   RX count   TX count            
6805.ca36.33a0   forward   FastEthernet0/0   0          1          0            
6805.ca36.31f0   forward   FastEthernet0/0   0          4          3            
6805.ca39.e12f   forward   Vlan1             0          3          2            
6805.ca36.39c7   forward   FastEthernet0/0   0          0          0  