No.     Time           Source                Destination           Protocol Length Info
      1 0.000000000    10.0.1.12             224.0.0.251           MDNS     87     Standard query 0x0000  PTR _ipps._tcp.local, "QM" question PTR _ipp._tcp.local, "QM" question

Frame 1: 87 bytes on wire (696 bits), 87 bytes captured (696 bits) on interface 0
    Interface id: 0
    Encapsulation type: Ethernet (1)
    Arrival Time: Feb 12, 2016 15:22:59.175335000 CET
    [Time shift for this packet: 0.000000000 seconds]
    Epoch Time: 1455286979.175335000 seconds
    [Time delta from previous captured frame: 0.000000000 seconds]
    [Time delta from previous displayed frame: 0.000000000 seconds]
    [Time since reference or first frame: 0.000000000 seconds]
    Frame Number: 1
    Frame Length: 87 bytes (696 bits)
    Capture Length: 87 bytes (696 bits)
    [Frame is marked: False]
    [Frame is ignored: False]
    [Protocols in frame: eth:ip:udp:dns]
    [Coloring Rule Name: TTL low or unexpected]
    [Coloring Rule String: ( ! ip.dst == 224.0.0.0/4 && ip.ttl < 5 && !pim) || (ip.dst == 224.0.0.0/24 && ip.ttl != 1)]
Ethernet II, Src: IntelCor_36:33:a0 (68:05:ca:36:33:a0), Dst: IPv4mcast_00:00:fb (01:00:5e:00:00:fb)
    Destination: IPv4mcast_00:00:fb (01:00:5e:00:00:fb)
        Address: IPv4mcast_00:00:fb (01:00:5e:00:00:fb)
        .... ..0. .... .... .... .... = LG bit: Globally unique address (factory default)
        .... ...1 .... .... .... .... = IG bit: Group address (multicast/broadcast)
    Source: IntelCor_36:33:a0 (68:05:ca:36:33:a0)
        Address: IntelCor_36:33:a0 (68:05:ca:36:33:a0)
        .... ..0. .... .... .... .... = LG bit: Globally unique address (factory default)
        .... ...0 .... .... .... .... = IG bit: Individual address (unicast)
    Type: IP (0x0800)
Internet Protocol Version 4, Src: 10.0.1.12 (10.0.1.12), Dst: 224.0.0.251 (224.0.0.251)
    Version: 4
    Header length: 20 bytes
    Differentiated Services Field: 0x00 (DSCP 0x00: Default; ECN: 0x00: Not-ECT (Not ECN-Capable Transport))
        0000 00.. = Differentiated Services Codepoint: Default (0x00)
        .... ..00 = Explicit Congestion Notification: Not-ECT (Not ECN-Capable Transport) (0x00)
    Total Length: 73
    Identification: 0x8642 (34370)
    Flags: 0x02 (Don't Fragment)
        0... .... = Reserved bit: Not set
        .1.. .... = Don't fragment: Set
        ..0. .... = More fragments: Not set
    Fragment offset: 0
    Time to live: 255
    Protocol: UDP (17)
    Header checksum: 0x095a [validation disabled]
        [Good: False]
        [Bad: False]
    Source: 10.0.1.12 (10.0.1.12)
    Destination: 224.0.0.251 (224.0.0.251)
    [Source GeoIP: Unknown]
    [Destination GeoIP: Unknown]
User Datagram Protocol, Src Port: mdns (5353), Dst Port: mdns (5353)
    Source port: mdns (5353)
    Destination port: mdns (5353)
    Length: 53
    Checksum: 0xe82f [validation disabled]
        [Good Checksum: False]
        [Bad Checksum: False]
Domain Name System (query)
    Transaction ID: 0x0000
    Flags: 0x0000 Standard query
        0... .... .... .... = Response: Message is a query
        .000 0... .... .... = Opcode: Standard query (0)
        .... ..0. .... .... = Truncated: Message is not truncated
        .... ...0 .... .... = Recursion desired: Don't do query recursively
        .... .... .0.. .... = Z: reserved (0)
        .... .... ...0 .... = Non-authenticated data: Unacceptable
    Questions: 2
    Answer RRs: 0
    Authority RRs: 0
    Additional RRs: 0
    Queries
        _ipps._tcp.local: type PTR, class IN, "QM" question
            Name: _ipps._tcp.local
            Type: PTR (Domain name pointer)
            .000 0000 0000 0001 = Class: IN (0x0001)
            0... .... .... .... = "QU" question: False
        _ipp._tcp.local: type PTR, class IN, "QM" question
            Name: _ipp._tcp.local
            Type: PTR (Domain name pointer)
            .000 0000 0000 0001 = Class: IN (0x0001)
            0... .... .... .... = "QU" question: False

No.     Time           Source                Destination           Protocol Length Info
      2 5.844855000    IntelCor_36:31:f0     Broadcast             ARP      42     Who has 10.0.1.13?  Tell 10.0.1.11

Frame 2: 42 bytes on wire (336 bits), 42 bytes captured (336 bits) on interface 0
    Interface id: 0
    Encapsulation type: Ethernet (1)
    Arrival Time: Feb 12, 2016 15:23:05.020190000 CET
    [Time shift for this packet: 0.000000000 seconds]
    Epoch Time: 1455286985.020190000 seconds
    [Time delta from previous captured frame: 5.844855000 seconds]
    [Time delta from previous displayed frame: 5.844855000 seconds]
    [Time since reference or first frame: 5.844855000 seconds]
    Frame Number: 2
    Frame Length: 42 bytes (336 bits)
    Capture Length: 42 bytes (336 bits)
    [Frame is marked: False]
    [Frame is ignored: False]
    [Protocols in frame: eth:arp]
    [Coloring Rule Name: ARP]
    [Coloring Rule String: arp]
Ethernet II, Src: IntelCor_36:31:f0 (68:05:ca:36:31:f0), Dst: Broadcast (ff:ff:ff:ff:ff:ff)
    Destination: Broadcast (ff:ff:ff:ff:ff:ff)
        Address: Broadcast (ff:ff:ff:ff:ff:ff)
        .... ..1. .... .... .... .... = LG bit: Locally administered address (this is NOT the factory default)
        .... ...1 .... .... .... .... = IG bit: Group address (multicast/broadcast)
    Source: IntelCor_36:31:f0 (68:05:ca:36:31:f0)
        Address: IntelCor_36:31:f0 (68:05:ca:36:31:f0)
        .... ..0. .... .... .... .... = LG bit: Globally unique address (factory default)
        .... ...0 .... .... .... .... = IG bit: Individual address (unicast)
    Type: ARP (0x0806)
Address Resolution Protocol (request)
    Hardware type: Ethernet (1)
    Protocol type: IP (0x0800)
    Hardware size: 6
    Protocol size: 4
    Opcode: request (1)
    Sender MAC address: IntelCor_36:31:f0 (68:05:ca:36:31:f0)
    Sender IP address: 10.0.1.11 (10.0.1.11)
    Target MAC address: 00:00:00_00:00:00 (00:00:00:00:00:00)
    Target IP address: 10.0.1.13 (10.0.1.13)

No.     Time           Source                Destination           Protocol Length Info
      3 5.845452000    IntelCor_36:39:c7     IntelCor_36:31:f0     ARP      60     10.0.1.13 is at 68:05:ca:36:39:c7

Frame 3: 60 bytes on wire (480 bits), 60 bytes captured (480 bits) on interface 0
    Interface id: 0
    Encapsulation type: Ethernet (1)
    Arrival Time: Feb 12, 2016 15:23:05.020787000 CET
    [Time shift for this packet: 0.000000000 seconds]
    Epoch Time: 1455286985.020787000 seconds
    [Time delta from previous captured frame: 0.000597000 seconds]
    [Time delta from previous displayed frame: 0.000597000 seconds]
    [Time since reference or first frame: 5.845452000 seconds]
    Frame Number: 3
    Frame Length: 60 bytes (480 bits)
    Capture Length: 60 bytes (480 bits)
    [Frame is marked: False]
    [Frame is ignored: False]
    [Protocols in frame: eth:arp]
    [Coloring Rule Name: ARP]
    [Coloring Rule String: arp]
Ethernet II, Src: IntelCor_36:39:c7 (68:05:ca:36:39:c7), Dst: IntelCor_36:31:f0 (68:05:ca:36:31:f0)
    Destination: IntelCor_36:31:f0 (68:05:ca:36:31:f0)
        Address: IntelCor_36:31:f0 (68:05:ca:36:31:f0)
        .... ..0. .... .... .... .... = LG bit: Globally unique address (factory default)
        .... ...0 .... .... .... .... = IG bit: Individual address (unicast)
    Source: IntelCor_36:39:c7 (68:05:ca:36:39:c7)
        Address: IntelCor_36:39:c7 (68:05:ca:36:39:c7)
        .... ..0. .... .... .... .... = LG bit: Globally unique address (factory default)
        .... ...0 .... .... .... .... = IG bit: Individual address (unicast)
    Type: ARP (0x0806)
    Padding: 000000000000000000000000000000000000
Address Resolution Protocol (reply)
    Hardware type: Ethernet (1)
    Protocol type: IP (0x0800)
    Hardware size: 6
    Protocol size: 4
    Opcode: reply (2)
    Sender MAC address: IntelCor_36:39:c7 (68:05:ca:36:39:c7)
    Sender IP address: 10.0.1.13 (10.0.1.13)
    Target MAC address: IntelCor_36:31:f0 (68:05:ca:36:31:f0)
    Target IP address: 10.0.1.11 (10.0.1.11)

No.     Time           Source                Destination           Protocol Length Info
      4 5.845466000    10.0.1.11             10.0.1.13             ICMP     98     Echo (ping) request  id=0x2e6d, seq=1/256, ttl=64 (reply in 5)

Frame 4: 98 bytes on wire (784 bits), 98 bytes captured (784 bits) on interface 0
    Interface id: 0
    Encapsulation type: Ethernet (1)
    Arrival Time: Feb 12, 2016 15:23:05.020801000 CET
    [Time shift for this packet: 0.000000000 seconds]
    Epoch Time: 1455286985.020801000 seconds
    [Time delta from previous captured frame: 0.000014000 seconds]
    [Time delta from previous displayed frame: 0.000014000 seconds]
    [Time since reference or first frame: 5.845466000 seconds]
    Frame Number: 4
    Frame Length: 98 bytes (784 bits)
    Capture Length: 98 bytes (784 bits)
    [Frame is marked: False]
    [Frame is ignored: False]
    [Protocols in frame: eth:ip:icmp:data]
    [Coloring Rule Name: ICMP]
    [Coloring Rule String: icmp || icmpv6]
Ethernet II, Src: IntelCor_36:31:f0 (68:05:ca:36:31:f0), Dst: IntelCor_36:39:c7 (68:05:ca:36:39:c7)
    Destination: IntelCor_36:39:c7 (68:05:ca:36:39:c7)
        Address: IntelCor_36:39:c7 (68:05:ca:36:39:c7)
        .... ..0. .... .... .... .... = LG bit: Globally unique address (factory default)
        .... ...0 .... .... .... .... = IG bit: Individual address (unicast)
    Source: IntelCor_36:31:f0 (68:05:ca:36:31:f0)
        Address: IntelCor_36:31:f0 (68:05:ca:36:31:f0)
        .... ..0. .... .... .... .... = LG bit: Globally unique address (factory default)
        .... ...0 .... .... .... .... = IG bit: Individual address (unicast)
    Type: IP (0x0800)
Internet Protocol Version 4, Src: 10.0.1.11 (10.0.1.11), Dst: 10.0.1.13 (10.0.1.13)
    Version: 4
    Header length: 20 bytes
    Differentiated Services Field: 0x00 (DSCP 0x00: Default; ECN: 0x00: Not-ECT (Not ECN-Capable Transport))
        0000 00.. = Differentiated Services Codepoint: Default (0x00)
        .... ..00 = Explicit Congestion Notification: Not-ECT (Not ECN-Capable Transport) (0x00)
    Total Length: 84
    Identification: 0xd22b (53803)
    Flags: 0x02 (Don't Fragment)
        0... .... = Reserved bit: Not set
        .1.. .... = Don't fragment: Set
        ..0. .... = More fragments: Not set
    Fragment offset: 0
    Time to live: 64
    Protocol: ICMP (1)
    Header checksum: 0x5266 [validation disabled]
        [Good: False]
        [Bad: False]
    Source: 10.0.1.11 (10.0.1.11)
    Destination: 10.0.1.13 (10.0.1.13)
    [Source GeoIP: Unknown]
    [Destination GeoIP: Unknown]
Internet Control Message Protocol
    Type: 8 (Echo (ping) request)
    Code: 0
    Checksum: 0xc32e [correct]
    Identifier (BE): 11885 (0x2e6d)
    Identifier (LE): 27950 (0x6d2e)
    Sequence number (BE): 1 (0x0001)
    Sequence number (LE): 256 (0x0100)
    [Response frame: 5]
    Timestamp from icmp data: Feb 12, 2016 15:23:05.000000000 CET
    [Timestamp from icmp data (relative): 0.020801000 seconds]
    Data (48 bytes)

0000  c0 4e 00 00 00 00 00 00 10 11 12 13 14 15 16 17   .N..............
0010  18 19 1a 1b 1c 1d 1e 1f 20 21 22 23 24 25 26 27   ........ !"#$%&'
0020  28 29 2a 2b 2c 2d 2e 2f 30 31 32 33 34 35 36 37   ()*+,-./01234567
        Data: c04e000000000000101112131415161718191a1b1c1d1e1f...
        [Length: 48]

No.     Time           Source                Destination           Protocol Length Info
      5 5.846053000    10.0.1.13             10.0.1.11             ICMP     98     Echo (ping) reply    id=0x2e6d, seq=1/256, ttl=64 (request in 4)

Frame 5: 98 bytes on wire (784 bits), 98 bytes captured (784 bits) on interface 0
    Interface id: 0
    Encapsulation type: Ethernet (1)
    Arrival Time: Feb 12, 2016 15:23:05.021388000 CET
    [Time shift for this packet: 0.000000000 seconds]
    Epoch Time: 1455286985.021388000 seconds
    [Time delta from previous captured frame: 0.000587000 seconds]
    [Time delta from previous displayed frame: 0.000587000 seconds]
    [Time since reference or first frame: 5.846053000 seconds]
    Frame Number: 5
    Frame Length: 98 bytes (784 bits)
    Capture Length: 98 bytes (784 bits)
    [Frame is marked: False]
    [Frame is ignored: False]
    [Protocols in frame: eth:ip:icmp:data]
    [Coloring Rule Name: ICMP]
    [Coloring Rule String: icmp || icmpv6]
Ethernet II, Src: IntelCor_36:39:c7 (68:05:ca:36:39:c7), Dst: IntelCor_36:31:f0 (68:05:ca:36:31:f0)
    Destination: IntelCor_36:31:f0 (68:05:ca:36:31:f0)
        Address: IntelCor_36:31:f0 (68:05:ca:36:31:f0)
        .... ..0. .... .... .... .... = LG bit: Globally unique address (factory default)
        .... ...0 .... .... .... .... = IG bit: Individual address (unicast)
    Source: IntelCor_36:39:c7 (68:05:ca:36:39:c7)
        Address: IntelCor_36:39:c7 (68:05:ca:36:39:c7)
        .... ..0. .... .... .... .... = LG bit: Globally unique address (factory default)
        .... ...0 .... .... .... .... = IG bit: Individual address (unicast)
    Type: IP (0x0800)
Internet Protocol Version 4, Src: 10.0.1.13 (10.0.1.13), Dst: 10.0.1.11 (10.0.1.11)
    Version: 4
    Header length: 20 bytes
    Differentiated Services Field: 0x00 (DSCP 0x00: Default; ECN: 0x00: Not-ECT (Not ECN-Capable Transport))
        0000 00.. = Differentiated Services Codepoint: Default (0x00)
        .... ..00 = Explicit Congestion Notification: Not-ECT (Not ECN-Capable Transport) (0x00)
    Total Length: 84
    Identification: 0xc76e (51054)
    Flags: 0x00
        0... .... = Reserved bit: Not set
        .0.. .... = Don't fragment: Not set
        ..0. .... = More fragments: Not set
    Fragment offset: 0
    Time to live: 64
    Protocol: ICMP (1)
    Header checksum: 0x9d23 [validation disabled]
        [Good: False]
        [Bad: False]
    Source: 10.0.1.13 (10.0.1.13)
    Destination: 10.0.1.11 (10.0.1.11)
    [Source GeoIP: Unknown]
    [Destination GeoIP: Unknown]
Internet Control Message Protocol
    Type: 0 (Echo (ping) reply)
    Code: 0
    Checksum: 0xcb2e [correct]
    Identifier (BE): 11885 (0x2e6d)
    Identifier (LE): 27950 (0x6d2e)
    Sequence number (BE): 1 (0x0001)
    Sequence number (LE): 256 (0x0100)
    [Request frame: 4]
    [Response time: 0.587 ms]
    Timestamp from icmp data: Feb 12, 2016 15:23:05.000000000 CET
    [Timestamp from icmp data (relative): 0.021388000 seconds]
    Data (48 bytes)

0000  c0 4e 00 00 00 00 00 00 10 11 12 13 14 15 16 17   .N..............
0010  18 19 1a 1b 1c 1d 1e 1f 20 21 22 23 24 25 26 27   ........ !"#$%&'
0020  28 29 2a 2b 2c 2d 2e 2f 30 31 32 33 34 35 36 37   ()*+,-./01234567
        Data: c04e000000000000101112131415161718191a1b1c1d1e1f...
        [Length: 48]

No.     Time           Source                Destination           Protocol Length Info
      6 6.846226000    10.0.1.11             10.0.1.13             ICMP     98     Echo (ping) request  id=0x2e6d, seq=2/512, ttl=64 (reply in 7)

Frame 6: 98 bytes on wire (784 bits), 98 bytes captured (784 bits) on interface 0
    Interface id: 0
    Encapsulation type: Ethernet (1)
    Arrival Time: Feb 12, 2016 15:23:06.021561000 CET
    [Time shift for this packet: 0.000000000 seconds]
    Epoch Time: 1455286986.021561000 seconds
    [Time delta from previous captured frame: 1.000173000 seconds]
    [Time delta from previous displayed frame: 1.000173000 seconds]
    [Time since reference or first frame: 6.846226000 seconds]
    Frame Number: 6
    Frame Length: 98 bytes (784 bits)
    Capture Length: 98 bytes (784 bits)
    [Frame is marked: False]
    [Frame is ignored: False]
    [Protocols in frame: eth:ip:icmp:data]
    [Coloring Rule Name: ICMP]
    [Coloring Rule String: icmp || icmpv6]
Ethernet II, Src: IntelCor_36:31:f0 (68:05:ca:36:31:f0), Dst: IntelCor_36:39:c7 (68:05:ca:36:39:c7)
    Destination: IntelCor_36:39:c7 (68:05:ca:36:39:c7)
        Address: IntelCor_36:39:c7 (68:05:ca:36:39:c7)
        .... ..0. .... .... .... .... = LG bit: Globally unique address (factory default)
        .... ...0 .... .... .... .... = IG bit: Individual address (unicast)
    Source: IntelCor_36:31:f0 (68:05:ca:36:31:f0)
        Address: IntelCor_36:31:f0 (68:05:ca:36:31:f0)
        .... ..0. .... .... .... .... = LG bit: Globally unique address (factory default)
        .... ...0 .... .... .... .... = IG bit: Individual address (unicast)
    Type: IP (0x0800)
Internet Protocol Version 4, Src: 10.0.1.11 (10.0.1.11), Dst: 10.0.1.13 (10.0.1.13)
    Version: 4
    Header length: 20 bytes
    Differentiated Services Field: 0x00 (DSCP 0x00: Default; ECN: 0x00: Not-ECT (Not ECN-Capable Transport))
        0000 00.. = Differentiated Services Codepoint: Default (0x00)
        .... ..00 = Explicit Congestion Notification: Not-ECT (Not ECN-Capable Transport) (0x00)
    Total Length: 84
    Identification: 0xd29a (53914)
    Flags: 0x02 (Don't Fragment)
        0... .... = Reserved bit: Not set
        .1.. .... = Don't fragment: Set
        ..0. .... = More fragments: Not set
    Fragment offset: 0
    Time to live: 64
    Protocol: ICMP (1)
    Header checksum: 0x51f7 [validation disabled]
        [Good: False]
        [Bad: False]
    Source: 10.0.1.11 (10.0.1.11)
    Destination: 10.0.1.13 (10.0.1.13)
    [Source GeoIP: Unknown]
    [Destination GeoIP: Unknown]
Internet Control Message Protocol
    Type: 8 (Echo (ping) request)
    Code: 0
    Checksum: 0x6528 [correct]
    Identifier (BE): 11885 (0x2e6d)
    Identifier (LE): 27950 (0x6d2e)
    Sequence number (BE): 2 (0x0002)
    Sequence number (LE): 512 (0x0200)
    [Response frame: 7]
    Timestamp from icmp data: Feb 12, 2016 15:23:06.000000000 CET
    [Timestamp from icmp data (relative): 0.021561000 seconds]
    Data (48 bytes)

0000  1d 54 00 00 00 00 00 00 10 11 12 13 14 15 16 17   .T..............
0010  18 19 1a 1b 1c 1d 1e 1f 20 21 22 23 24 25 26 27   ........ !"#$%&'
0020  28 29 2a 2b 2c 2d 2e 2f 30 31 32 33 34 35 36 37   ()*+,-./01234567
        Data: 1d54000000000000101112131415161718191a1b1c1d1e1f...
        [Length: 48]

No.     Time           Source                Destination           Protocol Length Info
      7 6.846800000    10.0.1.13             10.0.1.11             ICMP     98     Echo (ping) reply    id=0x2e6d, seq=2/512, ttl=64 (request in 6)

Frame 7: 98 bytes on wire (784 bits), 98 bytes captured (784 bits) on interface 0
    Interface id: 0
    Encapsulation type: Ethernet (1)
    Arrival Time: Feb 12, 2016 15:23:06.022135000 CET
    [Time shift for this packet: 0.000000000 seconds]
    Epoch Time: 1455286986.022135000 seconds
    [Time delta from previous captured frame: 0.000574000 seconds]
    [Time delta from previous displayed frame: 0.000574000 seconds]
    [Time since reference or first frame: 6.846800000 seconds]
    Frame Number: 7
    Frame Length: 98 bytes (784 bits)
    Capture Length: 98 bytes (784 bits)
    [Frame is marked: False]
    [Frame is ignored: False]
    [Protocols in frame: eth:ip:icmp:data]
    [Coloring Rule Name: ICMP]
    [Coloring Rule String: icmp || icmpv6]
Ethernet II, Src: IntelCor_36:39:c7 (68:05:ca:36:39:c7), Dst: IntelCor_36:31:f0 (68:05:ca:36:31:f0)
    Destination: IntelCor_36:31:f0 (68:05:ca:36:31:f0)
        Address: IntelCor_36:31:f0 (68:05:ca:36:31:f0)
        .... ..0. .... .... .... .... = LG bit: Globally unique address (factory default)
        .... ...0 .... .... .... .... = IG bit: Individual address (unicast)
    Source: IntelCor_36:39:c7 (68:05:ca:36:39:c7)
        Address: IntelCor_36:39:c7 (68:05:ca:36:39:c7)
        .... ..0. .... .... .... .... = LG bit: Globally unique address (factory default)
        .... ...0 .... .... .... .... = IG bit: Individual address (unicast)
    Type: IP (0x0800)
Internet Protocol Version 4, Src: 10.0.1.13 (10.0.1.13), Dst: 10.0.1.11 (10.0.1.11)
    Version: 4
    Header length: 20 bytes
    Differentiated Services Field: 0x00 (DSCP 0x00: Default; ECN: 0x00: Not-ECT (Not ECN-Capable Transport))
        0000 00.. = Differentiated Services Codepoint: Default (0x00)
        .... ..00 = Explicit Congestion Notification: Not-ECT (Not ECN-Capable Transport) (0x00)
    Total Length: 84
    Identification: 0xc7b1 (51121)
    Flags: 0x00
        0... .... = Reserved bit: Not set
        .0.. .... = Don't fragment: Not set
        ..0. .... = More fragments: Not set
    Fragment offset: 0
    Time to live: 64
    Protocol: ICMP (1)
    Header checksum: 0x9ce0 [validation disabled]
        [Good: False]
        [Bad: False]
    Source: 10.0.1.13 (10.0.1.13)
    Destination: 10.0.1.11 (10.0.1.11)
    [Source GeoIP: Unknown]
    [Destination GeoIP: Unknown]
Internet Control Message Protocol
    Type: 0 (Echo (ping) reply)
    Code: 0
    Checksum: 0x6d28 [correct]
    Identifier (BE): 11885 (0x2e6d)
    Identifier (LE): 27950 (0x6d2e)
    Sequence number (BE): 2 (0x0002)
    Sequence number (LE): 512 (0x0200)
    [Request frame: 6]
    [Response time: 0.574 ms]
    Timestamp from icmp data: Feb 12, 2016 15:23:06.000000000 CET
    [Timestamp from icmp data (relative): 0.022135000 seconds]
    Data (48 bytes)

0000  1d 54 00 00 00 00 00 00 10 11 12 13 14 15 16 17   .T..............
0010  18 19 1a 1b 1c 1d 1e 1f 20 21 22 23 24 25 26 27   ........ !"#$%&'
0020  28 29 2a 2b 2c 2d 2e 2f 30 31 32 33 34 35 36 37   ()*+,-./01234567
        Data: 1d54000000000000101112131415161718191a1b1c1d1e1f...
        [Length: 48]

No.     Time           Source                Destination           Protocol Length Info
      8 10.848971000   IntelCor_36:39:c7     IntelCor_36:31:f0     ARP      60     Who has 10.0.1.11?  Tell 10.0.1.13

Frame 8: 60 bytes on wire (480 bits), 60 bytes captured (480 bits) on interface 0
    Interface id: 0
    Encapsulation type: Ethernet (1)
    Arrival Time: Feb 12, 2016 15:23:10.024306000 CET
    [Time shift for this packet: 0.000000000 seconds]
    Epoch Time: 1455286990.024306000 seconds
    [Time delta from previous captured frame: 4.002171000 seconds]
    [Time delta from previous displayed frame: 4.002171000 seconds]
    [Time since reference or first frame: 10.848971000 seconds]
    Frame Number: 8
    Frame Length: 60 bytes (480 bits)
    Capture Length: 60 bytes (480 bits)
    [Frame is marked: False]
    [Frame is ignored: False]
    [Protocols in frame: eth:arp]
    [Coloring Rule Name: ARP]
    [Coloring Rule String: arp]
Ethernet II, Src: IntelCor_36:39:c7 (68:05:ca:36:39:c7), Dst: IntelCor_36:31:f0 (68:05:ca:36:31:f0)
    Destination: IntelCor_36:31:f0 (68:05:ca:36:31:f0)
        Address: IntelCor_36:31:f0 (68:05:ca:36:31:f0)
        .... ..0. .... .... .... .... = LG bit: Globally unique address (factory default)
        .... ...0 .... .... .... .... = IG bit: Individual address (unicast)
    Source: IntelCor_36:39:c7 (68:05:ca:36:39:c7)
        Address: IntelCor_36:39:c7 (68:05:ca:36:39:c7)
        .... ..0. .... .... .... .... = LG bit: Globally unique address (factory default)
        .... ...0 .... .... .... .... = IG bit: Individual address (unicast)
    Type: ARP (0x0806)
    Padding: 000000000000000000000000000000000000
Address Resolution Protocol (request)
    Hardware type: Ethernet (1)
    Protocol type: IP (0x0800)
    Hardware size: 6
    Protocol size: 4
    Opcode: request (1)
    Sender MAC address: IntelCor_36:39:c7 (68:05:ca:36:39:c7)
    Sender IP address: 10.0.1.13 (10.0.1.13)
    Target MAC address: 00:00:00_00:00:00 (00:00:00:00:00:00)
    Target IP address: 10.0.1.11 (10.0.1.11)

No.     Time           Source                Destination           Protocol Length Info
      9 10.848994000   IntelCor_36:31:f0     IntelCor_36:39:c7     ARP      42     10.0.1.11 is at 68:05:ca:36:31:f0

Frame 9: 42 bytes on wire (336 bits), 42 bytes captured (336 bits) on interface 0
    Interface id: 0
    Encapsulation type: Ethernet (1)
    Arrival Time: Feb 12, 2016 15:23:10.024329000 CET
    [Time shift for this packet: 0.000000000 seconds]
    Epoch Time: 1455286990.024329000 seconds
    [Time delta from previous captured frame: 0.000023000 seconds]
    [Time delta from previous displayed frame: 0.000023000 seconds]
    [Time since reference or first frame: 10.848994000 seconds]
    Frame Number: 9
    Frame Length: 42 bytes (336 bits)
    Capture Length: 42 bytes (336 bits)
    [Frame is marked: False]
    [Frame is ignored: False]
    [Protocols in frame: eth:arp]
    [Coloring Rule Name: ARP]
    [Coloring Rule String: arp]
Ethernet II, Src: IntelCor_36:31:f0 (68:05:ca:36:31:f0), Dst: IntelCor_36:39:c7 (68:05:ca:36:39:c7)
    Destination: IntelCor_36:39:c7 (68:05:ca:36:39:c7)
        Address: IntelCor_36:39:c7 (68:05:ca:36:39:c7)
        .... ..0. .... .... .... .... = LG bit: Globally unique address (factory default)
        .... ...0 .... .... .... .... = IG bit: Individual address (unicast)
    Source: IntelCor_36:31:f0 (68:05:ca:36:31:f0)
        Address: IntelCor_36:31:f0 (68:05:ca:36:31:f0)
        .... ..0. .... .... .... .... = LG bit: Globally unique address (factory default)
        .... ...0 .... .... .... .... = IG bit: Individual address (unicast)
    Type: ARP (0x0806)
Address Resolution Protocol (reply)
    Hardware type: Ethernet (1)
    Protocol type: IP (0x0800)
    Hardware size: 6
    Protocol size: 4
    Opcode: reply (2)
    Sender MAC address: IntelCor_36:31:f0 (68:05:ca:36:31:f0)
    Sender IP address: 10.0.1.11 (10.0.1.11)
    Target MAC address: IntelCor_36:39:c7 (68:05:ca:36:39:c7)
    Target IP address: 10.0.1.13 (10.0.1.13)
